# Logfile created on Tue Nov 17 19:01:14 +0200 2009  [4;36;1mSQL (0.0ms)[0m   [0;1mSET client_min_messages TO 'panic'[0m
  [4;35;1mSQL (0.0ms)[0m   [0mSET client_min_messages TO 'warning'[0m
  [4;36;1mSQL (141.0ms)[0m   [0;1mCREATE TABLE "schema_migrations" ("version" character varying(255) NOT NULL) [0m
  [4;35;1mSQL (94.0ms)[0m   [0mCREATE UNIQUE INDEX "unique_schema_migrations" ON "schema_migrations" ("version")[0m
  [4;36;1mSQL (0.0ms)[0m   [0;1mSELECT version FROM schema_migrations[0m
Migrating to AlterCounters (20091117170116)
  [4;35;1mSQL (15.0ms)[0m   [0mBEGIN[0m
  [4;36;1mSQL (0.0ms)[0m   [0;1mPGError: ERROR: relation "counters" does not exist
: ALTER TABLE Counters ALTER COLUMN InsDate DROP NOT NULL[0m
  [4;35;1mSQL (0.0ms)[0m   [0mROLLBACK[0m
  [4;36;1mSQL (0.0ms)[0m   [0;1mSET client_min_messages TO 'panic'[0m
  [4;35;1mSQL (0.0ms)[0m   [0mSET client_min_messages TO 'warning'[0m
  [4;36;1mSQL (16.0ms)[0m   [0;1mCREATE TABLE "schema_migrations" ("version" character varying(255) NOT NULL) [0m
  [4;35;1mSQL (31.0ms)[0m   [0mCREATE UNIQUE INDEX "unique_schema_migrations" ON "schema_migrations" ("version")[0m
  [4;36;1mSQL (0.0ms)[0m   [0;1mSELECT version FROM schema_migrations[0m
Migrating to AlterCounters (20091117170116)
  [4;35;1mSQL (0.0ms)[0m   [0mBEGIN[0m
  [4;36;1mSQL (0.0ms)[0m   [0;1mALTER TABLE Counters ALTER COLUMN InsDate DROP NOT NULL[0m
  [4;35;1mSQL (0.0ms)[0m   [0mINSERT INTO schema_migrations (version) VALUES ('20091117170116')[0m
  [4;36;1mSQL (0.0ms)[0m   [0;1mCOMMIT[0m
  [4;35;1mSQL (16.0ms)[0m   [0mSELECT version FROM schema_migrations[0m
  [4;36;1mSQL (0.0ms)[0m   [0;1mSET client_min_messages TO 'panic'[0m
  [4;35;1mSQL (0.0ms)[0m   [0mSET client_min_messages TO 'warning'[0m
  [4;36;1mSQL (0.0ms)[0m   [0;1mSELECT version FROM schema_migrations[0m
Migrating to AlterCounters (20091117170116)
  [4;35;1mSQL (0.0ms)[0m   [0mSELECT version FROM schema_migrations[0m
  [4;36;1mSQL (0.0ms)[0m   [0;1mSET client_min_messages TO 'panic'[0m
  [4;35;1mSQL (0.0ms)[0m   [0mSET client_min_messages TO 'warning'[0m
  [4;36;1mSQL (0.0ms)[0m   [0;1mCREATE TABLE "schema_migrations" ("version" character varying(255) NOT NULL) [0m
  [4;35;1mSQL (31.0ms)[0m   [0mCREATE UNIQUE INDEX "unique_schema_migrations" ON "schema_migrations" ("version")[0m
  [4;36;1mSQL (0.0ms)[0m   [0;1mSELECT version FROM schema_migrations[0m
Migrating to AlterCounters (20091117170116)
  [4;35;1mSQL (0.0ms)[0m   [0mBEGIN[0m
  [4;36;1mSQL (0.0ms)[0m   [0;1mALTER TABLE Counters ALTER COLUMN InsDate DROP NOT NULL[0m
  [4;35;1mSQL (0.0ms)[0m   [0mINSERT INTO schema_migrations (version) VALUES ('20091117170116')[0m
  [4;36;1mSQL (0.0ms)[0m   [0;1mCOMMIT[0m
  [4;35;1mSQL (0.0ms)[0m   [0mSELECT version FROM schema_migrations[0m
  [4;36;1mSQL (0.0ms)[0m   [0;1mSET client_min_messages TO 'panic'[0m
  [4;35;1mSQL (0.0ms)[0m   [0mSET client_min_messages TO 'warning'[0m
  [4;36;1mSQL (31.0ms)[0m   [0;1mSELECT version FROM schema_migrations[0m
Migrating to AlterCounters (20091117170116)
  [4;35;1mSQL (0.0ms)[0m   [0mSELECT version FROM schema_migrations[0m
  [4;36;1mSQL (0.0ms)[0m   [0;1mSET client_min_messages TO 'panic'[0m
  [4;35;1mSQL (0.0ms)[0m   [0mSET client_min_messages TO 'warning'[0m
  [4;36;1mSQL (0.0ms)[0m   [0;1mSET client_min_messages TO 'panic'[0m
  [4;35;1mSQL (0.0ms)[0m   [0mSET client_min_messages TO 'warning'[0m
  [4;36;1mSQL (47.0ms)[0m   [0;1mSELECT version FROM schema_migrations[0m
Migrating to AlterCounters (20091117170116)
  [4;35;1mSQL (0.0ms)[0m   [0mSELECT version FROM schema_migrations[0m
  [4;36;1mSQL (0.0ms)[0m   [0;1mSET client_min_messages TO 'panic'[0m
  [4;35;1mSQL (0.0ms)[0m   [0mSET client_min_messages TO 'warning'[0m
  [4;36;1mSQL (16.0ms)[0m   [0;1mSELECT version FROM schema_migrations[0m
Migrating to AlterCounters (20091117170116)
  [4;35;1mSQL (0.0ms)[0m   [0mSELECT version FROM schema_migrations[0m
  [4;36;1mSQL (0.0ms)[0m   [0;1mSET client_min_messages TO 'panic'[0m
  [4;35;1mSQL (0.0ms)[0m   [0mSET client_min_messages TO 'warning'[0m
  [4;36;1mSQL (0.0ms)[0m   [0;1mSELECT version FROM schema_migrations[0m
Migrating to AlterCounters (20091117170116)
  [4;35;1mSQL (0.0ms)[0m   [0mSELECT version FROM schema_migrations[0m
  [4;36;1mSQL (0.0ms)[0m   [0;1mSET client_min_messages TO 'panic'[0m
  [4;35;1mSQL (0.0ms)[0m   [0mSET client_min_messages TO 'warning'[0m
  [4;36;1mSQL (0.0ms)[0m   [0;1mSET client_min_messages TO 'panic'[0m
  [4;35;1mSQL (0.0ms)[0m   [0mSET client_min_messages TO 'warning'[0m
  [4;36;1mSQL (0.0ms)[0m   [0;1mSET client_min_messages TO 'panic'[0m
  [4;35;1mSQL (0.0ms)[0m   [0mSET client_min_messages TO 'warning'[0m
  [4;36;1mSQL (0.0ms)[0m   [0;1mSET client_min_messages TO 'panic'[0m
  [4;35;1mSQL (0.0ms)[0m   [0mSET client_min_messages TO 'warning'[0m
  [4;36;1mSQL (0.0ms)[0m   [0;1mSET client_min_messages TO 'panic'[0m
  [4;35;1mSQL (0.0ms)[0m   [0mSET client_min_messages TO 'warning'[0m
  [4;36;1mSQL (0.0ms)[0m   [0;1mSET client_min_messages TO 'panic'[0m
  [4;35;1mSQL (0.0ms)[0m   [0mSET client_min_messages TO 'warning'[0m
  [4;36;1mSQL (0.0ms)[0m   [0;1mSET client_min_messages TO 'panic'[0m
  [4;35;1mSQL (0.0ms)[0m   [0mSET client_min_messages TO 'warning'[0m
  [4;36;1mSQL (0.0ms)[0m   [0;1mSET client_min_messages TO 'panic'[0m
  [4;35;1mSQL (0.0ms)[0m   [0mSET client_min_messages TO 'warning'[0m
  [4;36;1mSQL (0.0ms)[0m   [0;1mSET client_min_messages TO 'panic'[0m
  [4;35;1mSQL (0.0ms)[0m   [0mSET client_min_messages TO 'warning'[0m
  [4;36;1mSQL (234.0ms)[0m   [0;1mSET client_min_messages TO 'panic'[0m
  [4;35;1mSQL (0.0ms)[0m   [0mSET client_min_messages TO 'warning'[0m
  [4;36;1mSQL (500.0ms)[0m   [0;1mSELECT version FROM schema_migrations[0m
Migrating to AlterCounters (20091117170116)
  [4;35;1mSQL (0.0ms)[0m   [0mSELECT version FROM schema_migrations[0m
  [4;36;1mSQL (0.0ms)[0m   [0;1mSET client_min_messages TO 'panic'[0m
  [4;35;1mSQL (0.0ms)[0m   [0mSET client_min_messages TO 'warning'[0m
  [4;36;1mSQL (0.0ms)[0m   [0;1mSET client_min_messages TO 'panic'[0m
  [4;35;1mSQL (0.0ms)[0m   [0mSET client_min_messages TO 'warning'[0m
  [4;36;1mSQL (63.0ms)[0m   [0;1mCREATE TABLE "schema_migrations" ("version" character varying(255) NOT NULL) [0m
  [4;35;1mSQL (16.0ms)[0m   [0mCREATE UNIQUE INDEX "unique_schema_migrations" ON "schema_migrations" ("version")[0m
  [4;36;1mSQL (31.0ms)[0m   [0;1mSELECT version FROM schema_migrations[0m
Migrating to AlterCounters (20091117170116)
  [4;35;1mSQL (0.0ms)[0m   [0mBEGIN[0m
  [4;36;1mSQL (16.0ms)[0m   [0;1mALTER TABLE Counters ALTER COLUMN InsDate DROP NOT NULL[0m
  [4;35;1mSQL (15.0ms)[0m   [0mINSERT INTO schema_migrations (version) VALUES ('20091117170116')[0m
  [4;36;1mSQL (0.0ms)[0m   [0;1mCOMMIT[0m
  [4;35;1mSQL (0.0ms)[0m   [0mSELECT version FROM schema_migrations[0m
  [4;36;1mSQL (0.0ms)[0m   [0;1mSET client_min_messages TO 'panic'[0m
  [4;35;1mSQL (0.0ms)[0m   [0mSET client_min_messages TO 'warning'[0m
  [4;36;1mSQL (0.0ms)[0m   [0;1mSET client_min_messages TO 'panic'[0m
  [4;35;1mSQL (0.0ms)[0m   [0mSET client_min_messages TO 'warning'[0m
  [4;36;1mSQL (0.0ms)[0m   [0;1mSET client_min_messages TO 'panic'[0m
  [4;35;1mSQL (0.0ms)[0m   [0mSET client_min_messages TO 'warning'[0m
  [4;36;1mSQL (32.0ms)[0m   [0;1mCREATE TABLE "schema_migrations" ("version" character varying(255) NOT NULL) [0m
  [4;35;1mSQL (31.0ms)[0m   [0mCREATE UNIQUE INDEX "unique_schema_migrations" ON "schema_migrations" ("version")[0m
  [4;36;1mSQL (15.0ms)[0m   [0;1mSELECT version FROM schema_migrations[0m
Migrating to AlterCounters (20091117170116)
  [4;35;1mSQL (0.0ms)[0m   [0mBEGIN[0m
  [4;36;1mSQL (16.0ms)[0m   [0;1mALTER TABLE Counters ALTER COLUMN InsDate DROP NOT NULL[0m
  [4;35;1mSQL (16.0ms)[0m   [0mINSERT INTO schema_migrations (version) VALUES ('20091117170116')[0m
  [4;36;1mSQL (0.0ms)[0m   [0;1mCOMMIT[0m
  [4;35;1mSQL (0.0ms)[0m   [0mSELECT version FROM schema_migrations[0m
  [4;36;1mSQL (0.0ms)[0m   [0;1mSET client_min_messages TO 'panic'[0m
  [4;35;1mSQL (0.0ms)[0m   [0mSET client_min_messages TO 'warning'[0m
  [4;36;1mSQL (0.0ms)[0m   [0;1mSET client_min_messages TO 'panic'[0m
  [4;35;1mSQL (0.0ms)[0m   [0mSET client_min_messages TO 'warning'[0m
  [4;36;1mSQL (0.0ms)[0m   [0;1mSELECT version FROM schema_migrations[0m
Migrating to AlterCounters (20091117170116)
Migrating to AlterCalculations (20091124161054)
  [4;35;1mSQL (0.0ms)[0m   [0mBEGIN[0m
  [4;36;1mSQL (0.0ms)[0m   [0;1mALTER TABLE Calculations ALTER COLUMN State DROP NOT NULL[0m
  [4;35;1mSQL (0.0ms)[0m   [0mINSERT INTO schema_migrations (version) VALUES ('20091124161054')[0m
  [4;36;1mSQL (0.0ms)[0m   [0;1mCOMMIT[0m
  [4;35;1mSQL (0.0ms)[0m   [0mSELECT version FROM schema_migrations[0m
  [4;36;1mSQL (0.0ms)[0m   [0;1mSET client_min_messages TO 'panic'[0m
  [4;35;1mSQL (0.0ms)[0m   [0mSET client_min_messages TO 'warning'[0m
  [4;36;1mSQL (0.0ms)[0m   [0;1mSELECT version FROM schema_migrations[0m
Migrating to AlterCounters (20091117170116)
Migrating to AlterCalculations (20091124161054)
Migrating to AlterReports (20091124170334)
  [4;35;1mSQL (0.0ms)[0m   [0mBEGIN[0m
  [4;36;1mSQL (63.0ms)[0m   [0;1mALTER TABLE Reports ADD COLUMN JrXml TEXT[0m
  [4;35;1mSQL (0.0ms)[0m   [0mINSERT INTO schema_migrations (version) VALUES ('20091124170334')[0m
  [4;36;1mSQL (16.0ms)[0m   [0;1mCOMMIT[0m
  [4;35;1mSQL (0.0ms)[0m   [0mSELECT version FROM schema_migrations[0m
  [4;36;1mSQL (0.0ms)[0m   [0;1mSET client_min_messages TO 'panic'[0m
  [4;35;1mSQL (0.0ms)[0m   [0mSET client_min_messages TO 'warning'[0m
  [4;36;1mSQL (0.0ms)[0m   [0;1mSET client_min_messages TO 'panic'[0m
  [4;35;1mSQL (0.0ms)[0m   [0mSET client_min_messages TO 'warning'[0m
  [4;36;1mSQL (0.0ms)[0m   [0;1mSET client_min_messages TO 'panic'[0m
  [4;35;1mSQL (0.0ms)[0m   [0mSET client_min_messages TO 'warning'[0m
  [4;36;1mSQL (0.0ms)[0m   [0;1mSET client_min_messages TO 'panic'[0m
  [4;35;1mSQL (0.0ms)[0m   [0mSET client_min_messages TO 'warning'[0m
  [4;36;1mSQL (0.0ms)[0m   [0;1mSET client_min_messages TO 'panic'[0m
  [4;35;1mSQL (0.0ms)[0m   [0mSET client_min_messages TO 'warning'[0m
  [4;36;1mSQL (0.0ms)[0m   [0;1mSET client_min_messages TO 'panic'[0m
  [4;35;1mSQL (0.0ms)[0m   [0mSET client_min_messages TO 'warning'[0m
  [4;36;1mSQL (0.0ms)[0m   [0;1mSET client_min_messages TO 'panic'[0m
  [4;35;1mSQL (0.0ms)[0m   [0mSET client_min_messages TO 'warning'[0m
  [4;36;1mSQL (0.0ms)[0m   [0;1mSET client_min_messages TO 'panic'[0m
  [4;35;1mSQL (0.0ms)[0m   [0mSET client_min_messages TO 'warning'[0m
  [4;36;1mSQL (0.0ms)[0m   [0;1mSET client_min_messages TO 'panic'[0m
  [4;35;1mSQL (0.0ms)[0m   [0mSET client_min_messages TO 'warning'[0m
  [4;36;1mSQL (0.0ms)[0m   [0;1mSET client_min_messages TO 'panic'[0m
  [4;35;1mSQL (0.0ms)[0m   [0mSET client_min_messages TO 'warning'[0m
  [4;36;1mSQL (0.0ms)[0m   [0;1mSET client_min_messages TO 'panic'[0m
  [4;35;1mSQL (0.0ms)[0m   [0mSET client_min_messages TO 'warning'[0m
  [4;36;1mSQL (0.0ms)[0m   [0;1mSET client_min_messages TO 'panic'[0m
  [4;35;1mSQL (0.0ms)[0m   [0mSET client_min_messages TO 'warning'[0m
  [4;36;1mSQL (0.0ms)[0m   [0;1mSET client_min_messages TO 'panic'[0m
  [4;35;1mSQL (0.0ms)[0m   [0mSET client_min_messages TO 'warning'[0m
  [4;36;1mSQL (47.0ms)[0m   [0;1mSELECT version FROM schema_migrations[0m
Migrating to AlterCounters (20091117170116)
Migrating to AlterCalculations (20091124161054)
Migrating to AlterReports (20091124170334)
  [4;35;1mSQL (0.0ms)[0m   [0mSELECT version FROM schema_migrations[0m
  [4;36;1mSQL (0.0ms)[0m   [0;1mSET client_min_messages TO 'panic'[0m
  [4;35;1mSQL (0.0ms)[0m   [0mSET client_min_messages TO 'warning'[0m
  [4;36;1mSQL (0.0ms)[0m   [0;1mSET client_min_messages TO 'panic'[0m
  [4;35;1mSQL (0.0ms)[0m   [0mSET client_min_messages TO 'warning'[0m
  [4;36;1mSQL (0.0ms)[0m   [0;1mSET client_min_messages TO 'panic'[0m
  [4;35;1mSQL (0.0ms)[0m   [0mSET client_min_messages TO 'warning'[0m
  [4;36;1mSQL (0.0ms)[0m   [0;1mSET client_min_messages TO 'panic'[0m
  [4;35;1mSQL (0.0ms)[0m   [0mSET client_min_messages TO 'warning'[0m
  [4;36;1mSQL (0.0ms)[0m   [0;1mSET client_min_messages TO 'panic'[0m
  [4;35;1mSQL (0.0ms)[0m   [0mSET client_min_messages TO 'warning'[0m
  [4;36;1mSQL (16.0ms)[0m   [0;1mSET client_min_messages TO 'panic'[0m
  [4;35;1mSQL (0.0ms)[0m   [0mSET client_min_messages TO 'warning'[0m
  [4;36;1mSQL (0.0ms)[0m   [0;1mSET client_min_messages TO 'panic'[0m
  [4;35;1mSQL (0.0ms)[0m   [0mSET client_min_messages TO 'warning'[0m
  [4;36;1mSQL (0.0ms)[0m   [0;1mSET client_min_messages TO 'panic'[0m
  [4;35;1mSQL (0.0ms)[0m   [0mSET client_min_messages TO 'warning'[0m
  [4;36;1mSQL (0.0ms)[0m   [0;1mSET client_min_messages TO 'panic'[0m
  [4;35;1mSQL (0.0ms)[0m   [0mSET client_min_messages TO 'warning'[0m
  [4;36;1mSQL (0.0ms)[0m   [0;1mSET client_min_messages TO 'panic'[0m
  [4;35;1mSQL (0.0ms)[0m   [0mSET client_min_messages TO 'warning'[0m
  [4;36;1mSQL (0.0ms)[0m   [0;1mSET client_min_messages TO 'panic'[0m
  [4;35;1mSQL (0.0ms)[0m   [0mSET client_min_messages TO 'warning'[0m
  [4;36;1mSQL (0.0ms)[0m   [0;1mSET client_min_messages TO 'panic'[0m
  [4;35;1mSQL (0.0ms)[0m   [0mSET client_min_messages TO 'warning'[0m
  [4;36;1mSQL (0.0ms)[0m   [0;1mSET client_min_messages TO 'panic'[0m
  [4;35;1mSQL (0.0ms)[0m   [0mSET client_min_messages TO 'warning'[0m
  [4;36;1mSQL (0.0ms)[0m   [0;1mSET client_min_messages TO 'panic'[0m
  [4;35;1mSQL (0.0ms)[0m   [0mSET client_min_messages TO 'warning'[0m
  [4;36;1mSQL (0.0ms)[0m   [0;1mSET client_min_messages TO 'panic'[0m
  [4;35;1mSQL (0.0ms)[0m   [0mSET client_min_messages TO 'warning'[0m
  [4;36;1mSQL (0.0ms)[0m   [0;1mSET client_min_messages TO 'panic'[0m
  [4;35;1mSQL (0.0ms)[0m   [0mSET client_min_messages TO 'warning'[0m
  [4;36;1mSQL (15.0ms)[0m   [0;1mSET client_min_messages TO 'panic'[0m
  [4;35;1mSQL (0.0ms)[0m   [0mSET client_min_messages TO 'warning'[0m
  [4;36;1mSQL (0.0ms)[0m   [0;1mSET client_min_messages TO 'panic'[0m
  [4;35;1mSQL (0.0ms)[0m   [0mSET client_min_messages TO 'warning'[0m
  [4;36;1mSQL (0.0ms)[0m   [0;1mSET client_min_messages TO 'panic'[0m
  [4;35;1mSQL (0.0ms)[0m   [0mSET client_min_messages TO 'warning'[0m
  [4;36;1mSQL (0.0ms)[0m   [0;1mSET client_min_messages TO 'panic'[0m
  [4;35;1mSQL (0.0ms)[0m   [0mSET client_min_messages TO 'warning'[0m
  [4;36;1mSQL (62.0ms)[0m   [0;1mSELECT version FROM schema_migrations[0m
Migrating to AlterCounters (20091117170116)
Migrating to AlterCalculations (20091124161054)
Migrating to AlterReports (20091124170334)
  [4;35;1mSQL (0.0ms)[0m   [0mSELECT version FROM schema_migrations[0m
  [4;36;1mSQL (0.0ms)[0m   [0;1mSET client_min_messages TO 'panic'[0m
  [4;35;1mSQL (0.0ms)[0m   [0mSET client_min_messages TO 'warning'[0m
  [4;36;1mSQL (0.0ms)[0m   [0;1mSET client_min_messages TO 'panic'[0m
  [4;35;1mSQL (0.0ms)[0m   [0mSET client_min_messages TO 'warning'[0m
  [4;36;1mSQL (0.0ms)[0m   [0;1mSELECT version FROM schema_migrations[0m
Migrating to AlterCounters (20091117170116)
Migrating to AlterCalculations (20091124161054)
Migrating to AlterReports (20091124170334)
  [4;35;1mSQL (0.0ms)[0m   [0mSELECT version FROM schema_migrations[0m
  [4;36;1mSQL (0.0ms)[0m   [0;1mSET client_min_messages TO 'panic'[0m
  [4;35;1mSQL (0.0ms)[0m   [0mSET client_min_messages TO 'warning'[0m
  [4;36;1mSQL (0.0ms)[0m   [0;1mSET client_min_messages TO 'panic'[0m
  [4;35;1mSQL (0.0ms)[0m   [0mSET client_min_messages TO 'warning'[0m
  [4;36;1mSQL (0.0ms)[0m   [0;1mSET client_min_messages TO 'panic'[0m
  [4;35;1mSQL (0.0ms)[0m   [0mSET client_min_messages TO 'warning'[0m
  [4;36;1mSQL (0.0ms)[0m   [0;1mSET client_min_messages TO 'panic'[0m
  [4;35;1mSQL (0.0ms)[0m   [0mSET client_min_messages TO 'warning'[0m
  [4;36;1mSQL (0.0ms)[0m   [0;1mSET client_min_messages TO 'panic'[0m
  [4;35;1mSQL (0.0ms)[0m   [0mSET client_min_messages TO 'warning'[0m
  [4;36;1mSQL (0.0ms)[0m   [0;1mSET client_min_messages TO 'panic'[0m
  [4;35;1mSQL (0.0ms)[0m   [0mSET client_min_messages TO 'warning'[0m
  [4;36;1mSQL (0.0ms)[0m   [0;1mSET client_min_messages TO 'panic'[0m
  [4;35;1mSQL (0.0ms)[0m   [0mSET client_min_messages TO 'warning'[0m
  [4;36;1mSQL (0.0ms)[0m   [0;1mSET client_min_messages TO 'panic'[0m
  [4;35;1mSQL (0.0ms)[0m   [0mSET client_min_messages TO 'warning'[0m
  [4;36;1mSQL (0.0ms)[0m   [0;1mPGError: FATAL: terminating connection due to administrator command
server closed the connection unexpectedly
	This probably means the server terminated abnormally
	before or while processing the request.
: SHOW client_min_messages[0m
  [4;36;1mSQL (125.0ms)[0m   [0;1mSET client_min_messages TO 'panic'[0m
  [4;35;1mSQL (0.0ms)[0m   [0mSET client_min_messages TO 'warning'[0m
  [4;36;1mSQL (703.0ms)[0m   [0;1mCREATE TABLE "schema_migrations" ("version" character varying(255) NOT NULL) [0m
  [4;35;1mSQL (656.0ms)[0m   [0mCREATE UNIQUE INDEX "unique_schema_migrations" ON "schema_migrations" ("version")[0m
  [4;36;1mSQL (0.0ms)[0m   [0;1mSELECT version FROM schema_migrations[0m
Migrating to AlterCounters (20091117170116)
  [4;35;1mSQL (0.0ms)[0m   [0mBEGIN[0m
  [4;36;1mSQL (15.0ms)[0m   [0;1mALTER TABLE Counters ALTER COLUMN InsDate DROP NOT NULL[0m
  [4;35;1mSQL (0.0ms)[0m   [0mINSERT INTO schema_migrations (version) VALUES ('20091117170116')[0m
  [4;36;1mSQL (31.0ms)[0m   [0;1mCOMMIT[0m
Migrating to AlterCalculations (20091124161054)
  [4;35;1mSQL (0.0ms)[0m   [0mBEGIN[0m
  [4;36;1mSQL (62.0ms)[0m   [0;1mALTER TABLE Calculations ALTER COLUMN State DROP NOT NULL[0m
  [4;35;1mSQL (31.0ms)[0m   [0mINSERT INTO schema_migrations (version) VALUES ('20091124161054')[0m
  [4;36;1mSQL (62.0ms)[0m   [0;1mCOMMIT[0m
Migrating to AlterReports (20091124170334)
  [4;35;1mSQL (0.0ms)[0m   [0mBEGIN[0m
  [4;36;1mSQL (62.0ms)[0m   [0;1mALTER TABLE Reports ADD COLUMN JrXml TEXT[0m
  [4;35;1mSQL (0.0ms)[0m   [0mINSERT INTO schema_migrations (version) VALUES ('20091124170334')[0m
  [4;36;1mSQL (15.0ms)[0m   [0;1mCOMMIT[0m
Migrating to RenameZTmpCalc (20091201170932)
  [4;35;1mSQL (0.0ms)[0m   [0mBEGIN[0m
  [4;36;1mSQL (31.0ms)[0m   [0;1mALTER TABLE z_tmpcalc RENAME TO z_calc_in[0m
  [4;35;1mSQL (0.0ms)[0m   [0mINSERT INTO schema_migrations (version) VALUES ('20091201170932')[0m
  [4;36;1mSQL (0.0ms)[0m   [0;1mCOMMIT[0m
  [4;35;1mSQL (0.0ms)[0m   [0mSELECT version FROM schema_migrations[0m
  [4;36;1mSQL (0.0ms)[0m   [0;1mSET client_min_messages TO 'panic'[0m
  [4;35;1mSQL (0.0ms)[0m   [0mSET client_min_messages TO 'warning'[0m
  [4;36;1mSQL (0.0ms)[0m   [0;1mSET client_min_messages TO 'panic'[0m
  [4;35;1mSQL (0.0ms)[0m   [0mSET client_min_messages TO 'warning'[0m
  [4;36;1mSQL (16.0ms)[0m   [0;1mCREATE TABLE "schema_migrations" ("version" character varying(255) NOT NULL) [0m
  [4;35;1mSQL (31.0ms)[0m   [0mCREATE UNIQUE INDEX "unique_schema_migrations" ON "schema_migrations" ("version")[0m
  [4;36;1mSQL (0.0ms)[0m   [0;1mSELECT version FROM schema_migrations[0m
Migrating to AlterCounters (20091117170116)
  [4;35;1mSQL (0.0ms)[0m   [0mBEGIN[0m
  [4;36;1mSQL (16.0ms)[0m   [0;1mALTER TABLE Counters ALTER COLUMN InsDate DROP NOT NULL[0m
  [4;35;1mSQL (0.0ms)[0m   [0mINSERT INTO schema_migrations (version) VALUES ('20091117170116')[0m
  [4;36;1mSQL (0.0ms)[0m   [0;1mCOMMIT[0m
Migrating to AlterCalculations (20091124161054)
  [4;35;1mSQL (0.0ms)[0m   [0mBEGIN[0m
  [4;36;1mSQL (0.0ms)[0m   [0;1mALTER TABLE Calculations ALTER COLUMN State DROP NOT NULL[0m
  [4;35;1mSQL (0.0ms)[0m   [0mINSERT INTO schema_migrations (version) VALUES ('20091124161054')[0m
  [4;36;1mSQL (0.0ms)[0m   [0;1mCOMMIT[0m
Migrating to AlterReports (20091124170334)
  [4;35;1mSQL (0.0ms)[0m   [0mBEGIN[0m
  [4;36;1mSQL (0.0ms)[0m   [0;1mALTER TABLE Reports ADD COLUMN JrXml TEXT[0m
  [4;35;1mSQL (0.0ms)[0m   [0mINSERT INTO schema_migrations (version) VALUES ('20091124170334')[0m
  [4;36;1mSQL (0.0ms)[0m   [0;1mCOMMIT[0m
Migrating to RenameZTmpCalc (20091201170932)
  [4;35;1mSQL (0.0ms)[0m   [0mBEGIN[0m
  [4;36;1mSQL (16.0ms)[0m   [0;1mALTER TABLE z_tmpcalc RENAME TO z_calc_in[0m
  [4;35;1mSQL (0.0ms)[0m   [0mALTER INDEX idx_z_tmpcalc RENAME TO idx_z_calc_in[0m
  [4;36;1mSQL (0.0ms)[0m   [0;1mINSERT INTO schema_migrations (version) VALUES ('20091201170932')[0m
  [4;35;1mSQL (0.0ms)[0m   [0mCOMMIT[0m
  [4;36;1mSQL (0.0ms)[0m   [0;1mSELECT version FROM schema_migrations[0m
  [4;35;1mSQL (0.0ms)[0m   [0mSET client_min_messages TO 'panic'[0m
  [4;36;1mSQL (16.0ms)[0m   [0;1mSET client_min_messages TO 'warning'[0m
  [4;36;1mSQL (0.0ms)[0m   [0;1mSET client_min_messages TO 'panic'[0m
  [4;35;1mSQL (0.0ms)[0m   [0mSET client_min_messages TO 'warning'[0m
  [4;36;1mSQL (47.0ms)[0m   [0;1mSELECT version FROM schema_migrations[0m
Migrating to AlterCounters (20091117170116)
Migrating to AlterCalculations (20091124161054)
Migrating to AlterReports (20091124170334)
Migrating to RenameZTmpCalc (20091201170932)
  [4;35;1mSQL (15.0ms)[0m   [0mSELECT version FROM schema_migrations[0m
  [4;36;1mSQL (0.0ms)[0m   [0;1mSET client_min_messages TO 'panic'[0m
  [4;35;1mSQL (0.0ms)[0m   [0mSET client_min_messages TO 'warning'[0m
  [4;36;1mSQL (0.0ms)[0m   [0;1mSET client_min_messages TO 'panic'[0m
  [4;35;1mSQL (0.0ms)[0m   [0mSET client_min_messages TO 'warning'[0m
  [4;36;1mSQL (0.0ms)[0m   [0;1mCREATE TABLE "schema_migrations" ("version" character varying(255) NOT NULL) [0m
  [4;35;1mSQL (31.0ms)[0m   [0mCREATE UNIQUE INDEX "unique_schema_migrations" ON "schema_migrations" ("version")[0m
  [4;36;1mSQL (0.0ms)[0m   [0;1mSELECT version FROM schema_migrations[0m
Migrating to AlterCounters (20091117170116)
  [4;35;1mSQL (0.0ms)[0m   [0mBEGIN[0m
  [4;36;1mSQL (0.0ms)[0m   [0;1mALTER TABLE Counters ALTER COLUMN InsDate DROP NOT NULL[0m
  [4;35;1mSQL (0.0ms)[0m   [0mINSERT INTO schema_migrations (version) VALUES ('20091117170116')[0m
  [4;36;1mSQL (0.0ms)[0m   [0;1mCOMMIT[0m
Migrating to AlterCalculations (20091124161054)
  [4;35;1mSQL (0.0ms)[0m   [0mBEGIN[0m
  [4;36;1mSQL (0.0ms)[0m   [0;1mALTER TABLE Calculations ALTER COLUMN State DROP NOT NULL[0m
  [4;35;1mSQL (0.0ms)[0m   [0mINSERT INTO schema_migrations (version) VALUES ('20091124161054')[0m
  [4;36;1mSQL (0.0ms)[0m   [0;1mCOMMIT[0m
Migrating to AlterReports (20091124170334)
  [4;35;1mSQL (0.0ms)[0m   [0mBEGIN[0m
  [4;36;1mSQL (15.0ms)[0m   [0;1mALTER TABLE Reports ADD COLUMN JrXml TEXT[0m
  [4;35;1mSQL (0.0ms)[0m   [0mINSERT INTO schema_migrations (version) VALUES ('20091124170334')[0m
  [4;36;1mSQL (0.0ms)[0m   [0;1mCOMMIT[0m
Migrating to RenameZTmpCalc (20091201170932)
  [4;35;1mSQL (0.0ms)[0m   [0mBEGIN[0m
  [4;36;1mSQL (0.0ms)[0m   [0;1mALTER TABLE z_tmpcalc RENAME TO z_calc_in[0m
  [4;35;1mSQL (16.0ms)[0m   [0mALTER INDEX idx_z_tmpcalc RENAME TO idx_z_calc_in[0m
  [4;36;1mSQL (0.0ms)[0m   [0;1mINSERT INTO schema_migrations (version) VALUES ('20091201170932')[0m
  [4;35;1mSQL (15.0ms)[0m   [0mCOMMIT[0m
  [4;36;1mSQL (0.0ms)[0m   [0;1mSELECT version FROM schema_migrations[0m
  [4;35;1mSQL (0.0ms)[0m   [0mSET client_min_messages TO 'panic'[0m
  [4;36;1mSQL (0.0ms)[0m   [0;1mSET client_min_messages TO 'warning'[0m
  [4;36;1mSQL (0.0ms)[0m   [0;1mSET client_min_messages TO 'panic'[0m
  [4;35;1mSQL (0.0ms)[0m   [0mSET client_min_messages TO 'warning'[0m
  [4;36;1mSQL (0.0ms)[0m   [0;1mSET client_min_messages TO 'panic'[0m
  [4;35;1mSQL (0.0ms)[0m   [0mSET client_min_messages TO 'warning'[0m
  [4;36;1mSQL (0.0ms)[0m   [0;1mSET client_min_messages TO 'panic'[0m
  [4;35;1mSQL (0.0ms)[0m   [0mSET client_min_messages TO 'warning'[0m
  [4;36;1mSQL (63.0ms)[0m   [0;1mSELECT version FROM schema_migrations[0m
Migrating to AlterCounters (20091117170116)
Migrating to AlterCalculations (20091124161054)
Migrating to AlterReports (20091124170334)
Migrating to RenameZTmpCalc (20091201170932)
Migrating to CreateCorrections (20091202151829)
  [4;35;1mSQL (0.0ms)[0m   [0mBEGIN[0m
  [4;36;1mSQL (0.0ms)[0m   [0;1mPGError: ERROR: syntax error at or near "IsIncome"
LINE 8: IsIncome Boolean NOT NULL DEFAULT FALSE
 ^
: 
 CREATE TABLE Corrections
 (
 Id serial NOT NULL,
 ConsumerId integer NOT NULL,
 DateFrom Date NOT NULL,
 Value Number NOT NULL
 IsIncome Boolean NOT NULL DEFAULT FALSE
 Rem Citext,
 insertuserid citext DEFAULT "current_user"(),
 insertts timestamp without time zone DEFAULT (now::text)::timestamp without time zone,
 updateuserid citext DEFAULT "current_user"(),
 updatets timestamp without time zone DEFAULT (now::text)::timestamp without time zone,
 revision integer DEFAULT 0,
 CONSTRAINT pk_corrections PRIMARY KEY (id),
 CONSTRAINT fk_corrections_consumers FOREIGN KEY (consumerid)
 REFERENCES consumers (id) MATCH SIMPLE
 ON UPDATE RESTRICT ON DELETE RESTRICT
 )
 WITH (
 OIDS=FALSE
 );
 [0m
  [4;35;1mSQL (0.0ms)[0m   [0mROLLBACK[0m
  [4;36;1mSQL (0.0ms)[0m   [0;1mSET client_min_messages TO 'panic'[0m
  [4;35;1mSQL (0.0ms)[0m   [0mSET client_min_messages TO 'warning'[0m
  [4;36;1mSQL (0.0ms)[0m   [0;1mSELECT version FROM schema_migrations[0m
Migrating to AlterCounters (20091117170116)
Migrating to AlterCalculations (20091124161054)
Migrating to AlterReports (20091124170334)
Migrating to RenameZTmpCalc (20091201170932)
Migrating to CreateCorrections (20091202151829)
  [4;35;1mSQL (0.0ms)[0m   [0mBEGIN[0m
  [4;36;1mSQL (266.0ms)[0m   [0;1m
 CREATE TABLE Corrections
 (
 Id serial NOT NULL,
 ConsumerId integer NOT NULL,
 DateFrom Date NOT NULL,
 Value Number NOT NULL,
 IsIncome Boolean NOT NULL DEFAULT FALSE,
 Rem Citext,
 insertuserid citext DEFAULT CURRENT_USER,
 insertts timestamp without time zone DEFAULT LOCALTIMESTAMP,
 updateuserid citext DEFAULT CURRENT_USER,
 updatets timestamp without time zone DEFAULT LOCALTIMESTAMP,
 revision integer DEFAULT 0,
 CONSTRAINT pk_corrections PRIMARY KEY (id),
 CONSTRAINT fk_corrections_consumers FOREIGN KEY (consumerid)
 REFERENCES consumers (id) MATCH SIMPLE
 ON UPDATE RESTRICT ON DELETE RESTRICT
 )
 WITH (
 OIDS=FALSE
 );
 [0m
  [4;35;1mSQL (15.0ms)[0m   [0m
 CREATE TRIGGER updusts_corrections
 BEFORE UPDATE
 ON Corrections
 FOR EACH ROW
 EXECUTE PROCEDURE updateusts();[0m
  [4;36;1mSQL (15.0ms)[0m   [0;1mINSERT INTO schema_migrations (version) VALUES ('20091202151829')[0m
  [4;35;1mSQL (0.0ms)[0m   [0mCOMMIT[0m
  [4;36;1mSQL (0.0ms)[0m   [0;1mSELECT version FROM schema_migrations[0m
  [4;36;1mSQL (0.0ms)[0m   [0;1mSET client_min_messages TO 'panic'[0m
  [4;35;1mSQL (0.0ms)[0m   [0mSET client_min_messages TO 'warning'[0m
  [4;36;1mSQL (0.0ms)[0m   [0;1mSELECT version FROM schema_migrations[0m
Migrating to AlterCounters (20091117170116)
Migrating to AlterCalculations (20091124161054)
Migrating to AlterReports (20091124170334)
Migrating to RenameZTmpCalc (20091201170932)
Migrating to CreateCorrections (20091202151829)
  [4;35;1mSQL (0.0ms)[0m   [0mSELECT version FROM schema_migrations[0m
  [4;36;1mSQL (0.0ms)[0m   [0;1mSET client_min_messages TO 'panic'[0m
  [4;35;1mSQL (0.0ms)[0m   [0mSET client_min_messages TO 'warning'[0m
  [4;36;1mSQL (0.0ms)[0m   [0;1mSET client_min_messages TO 'panic'[0m
  [4;35;1mSQL (0.0ms)[0m   [0mSET client_min_messages TO 'warning'[0m
  [4;36;1mSQL (0.0ms)[0m   [0;1mSET client_min_messages TO 'panic'[0m
  [4;35;1mSQL (0.0ms)[0m   [0mSET client_min_messages TO 'warning'[0m
  [4;36;1mSQL (0.0ms)[0m   [0;1mSET client_min_messages TO 'panic'[0m
  [4;35;1mSQL (0.0ms)[0m   [0mSET client_min_messages TO 'warning'[0m
  [4;36;1mSQL (0.0ms)[0m   [0;1mSELECT version FROM schema_migrations[0m
Migrating to AlterCounters (20091117170116)
Migrating to AlterCalculations (20091124161054)
Migrating to AlterReports (20091124170334)
Migrating to RenameZTmpCalc (20091201170932)
Migrating to CreateCorrections (20091202151829)
  [4;35;1mSQL (0.0ms)[0m   [0mSELECT version FROM schema_migrations[0m
  [4;36;1mSQL (0.0ms)[0m   [0;1mSET client_min_messages TO 'panic'[0m
  [4;35;1mSQL (0.0ms)[0m   [0mSET client_min_messages TO 'warning'[0m
  [4;36;1mSQL (0.0ms)[0m   [0;1mSET client_min_messages TO 'panic'[0m
  [4;35;1mSQL (0.0ms)[0m   [0mSET client_min_messages TO 'warning'[0m
  [4;36;1mSQL (0.0ms)[0m   [0;1mSET client_min_messages TO 'panic'[0m
  [4;35;1mSQL (0.0ms)[0m   [0mSET client_min_messages TO 'warning'[0m
  [4;36;1mSQL (0.0ms)[0m   [0;1mSET client_min_messages TO 'panic'[0m
  [4;35;1mSQL (0.0ms)[0m   [0mSET client_min_messages TO 'warning'[0m
  [4;36;1mSQL (0.0ms)[0m   [0;1mSET client_min_messages TO 'panic'[0m
  [4;35;1mSQL (0.0ms)[0m   [0mSET client_min_messages TO 'warning'[0m
  [4;36;1mSQL (0.0ms)[0m   [0;1mSET client_min_messages TO 'panic'[0m
  [4;35;1mSQL (0.0ms)[0m   [0mSET client_min_messages TO 'warning'[0m
